<?xml version="1.0" encoding="UTF-8"?>
<!-- Generated by org.testng.reporters.JUnitXMLReporter -->
<testsuite ignored="0" hostname="VivoBook" failures="2" tests="5" name="smoketest" time="23.37" errors="0" timestamp="2024-09-17T08:23:40 IST">
  <testcase classname="com.remedi.test.ErrorValidationsTest" name="blankUsername_validpassword" time="2.66">
    <failure type="java.lang.AssertionError" message="expected [Please Provide Username] but found [Please Provide Password]">
      <![CDATA[java.lang.AssertionError: expected [Please Provide Username] but found [Please Provide Password]
at com.remedi.test.ErrorValidationsTest.blankUsername_validpassword(ErrorValidationsTest.java:30)
at java.base/java.util.ArrayList.forEach(ArrayList.java:1511)
at java.base/java.util.concurrent.FutureTask.run(FutureTask.java:264)
at java.base/java.util.concurrent.ThreadPoolExecutor.runWorker(ThreadPoolExecutor.java:1136)
at java.base/java.util.concurrent.ThreadPoolExecutor$Worker.run(ThreadPoolExecutor.java:635)
at java.base/java.lang.Thread.run(Thread.java:833)
... Removed 23 stack frames]]>
    </failure>
  </testcase> <!-- blankUsername_validpassword -->
  <testcase classname="com.remedi.test.ErrorValidationsTest" name="blankusername_blankpassword" time="2.035">
    <failure type="java.lang.AssertionError" message="expected [Please Provide Username] but found [Please Provide Usmername]">
      <![CDATA[java.lang.AssertionError: expected [Please Provide Username] but found [Please Provide Usmername]
at com.remedi.test.ErrorValidationsTest.blankusername_blankpassword(ErrorValidationsTest.java:14)
at java.base/java.util.ArrayList.forEach(ArrayList.java:1511)
at java.base/java.util.concurrent.FutureTask.run(FutureTask.java:264)
at java.base/java.util.concurrent.ThreadPoolExecutor.runWorker(ThreadPoolExecutor.java:1136)
at java.base/java.util.concurrent.ThreadPoolExecutor$Worker.run(ThreadPoolExecutor.java:635)
at java.base/java.lang.Thread.run(Thread.java:833)
... Removed 23 stack frames]]>
    </failure>
  </testcase> <!-- blankusername_blankpassword -->
  <testcase classname="com.remedi.test.ErrorValidationsTest" name="invalidUsername_validPassword" time="1.161"/>
  <testcase classname="com.remedi.test.ErrorValidationsTest" name="validUsername_blankpassword" time="0.971"/>
  <testcase classname="com.remedi.test.ErrorValidationsTest" name="validUsername_invalidPassword" time="1.083"/>
</testsuite> <!-- smoketest -->
